<?xml version="1.0" encoding="UTF-8"?>
<!-- Generated by org.testng.reporters.JUnitXMLReporter -->
<testsuite ignored="3" hostname="GJORGIJOVSKI-A" failures="0" tests="1" name="Default test" time="10.84" errors="0" timestamp="2023-06-09T10:16:31 CEST">
  <testcase classname="testSuite.PlpPomTestScripts" name="TC_PRODUCT_016_CheckIfBreadcrumbsMenuNavigateToCorespondingPage" time="4.363"/>
  <testcase classname="testSuite.PlpPomTestScripts" name="TC_PRODUCT_011_VerifyClearListOnComperasonPage" time="0.0">
    <ignored/>
  </testcase> <!-- TC_PRODUCT_011_VerifyClearListOnComperasonPage -->
  <testcase classname="testSuite.PlpPomTestScripts" name="TC_PRODUCT_002_VerifyFilterOptionIsWorkingForEachLoop" time="0.0">
    <ignored/>
  </testcase> <!-- TC_PRODUCT_002_VerifyFilterOptionIsWorkingForEachLoop -->
  <testcase classname="testSuite.PlpPomTestScripts" name="TC_PRODUCT_002_VerifyFilterOptionIsWorking" time="0.0">
    <ignored/>
  </testcase> <!-- TC_PRODUCT_002_VerifyFilterOptionIsWorking -->
</testsuite> <!-- Default test -->
